<?xml version="1.0" encoding="UTF-8"?>
<testsuite xmlns:xsi="http://www.w3.org/2001/XMLSchema-instance" xsi:noNamespaceSchemaLocation="https://maven.apache.org/surefire/maven-surefire-plugin/xsd/surefire-test-report.xsd" name="com.autum_project.EmployeeTest" time="1.715" tests="1" errors="1" skipped="0" failures="0">
  <properties>
    <property name="java.specification.version" value="17"/>
    <property name="sun.jnu.encoding" value="UTF-8"/>
    <property name="java.class.path" value="/home/soumalya/Projects/CTS/Spring/Spring101/target/test-classes:/home/soumalya/Projects/CTS/Spring/Spring101/target/classes:/home/soumalya/.m2/repository/junit/junit/4.11/junit-4.11.jar:/home/soumalya/.m2/repository/org/hamcrest/hamcrest-core/1.3/hamcrest-core-1.3.jar:/home/soumalya/.m2/repository/org/springframework/spring-core/5.3.18/spring-core-5.3.18.jar:/home/soumalya/.m2/repository/org/springframework/spring-jcl/5.3.18/spring-jcl-5.3.18.jar:/home/soumalya/.m2/repository/org/springframework/spring-context/5.3.18/spring-context-5.3.18.jar:/home/soumalya/.m2/repository/org/springframework/spring-aop/5.3.18/spring-aop-5.3.18.jar:/home/soumalya/.m2/repository/org/springframework/spring-beans/5.3.18/spring-beans-5.3.18.jar:/home/soumalya/.m2/repository/org/springframework/spring-expression/5.3.18/spring-expression-5.3.18.jar:"/>
    <property name="java.vm.vendor" value="Oracle Corporation"/>
    <property name="sun.arch.data.model" value="64"/>
    <property name="java.vendor.url" value="https://java.oracle.com/"/>
    <property name="os.name" value="Linux"/>
    <property name="java.vm.specification.version" value="17"/>
    <property name="sun.java.launcher" value="SUN_STANDARD"/>
    <property name="user.country" value="GB"/>
    <property name="sun.boot.library.path" value="/usr/lib/jvm/java-17-oracle/lib"/>
    <property name="sun.java.command" value="/home/soumalya/Projects/CTS/Spring/Spring101/target/surefire/surefirebooter3473943827917805366.jar /home/soumalya/Projects/CTS/Spring/Spring101/target/surefire 2022-04-15T13-04-10_096-jvmRun1 surefire5027456950164373372tmp surefire_010836894327936366028tmp"/>
    <property name="jdk.debug" value="release"/>
    <property name="surefire.test.class.path" value="/home/soumalya/Projects/CTS/Spring/Spring101/target/test-classes:/home/soumalya/Projects/CTS/Spring/Spring101/target/classes:/home/soumalya/.m2/repository/junit/junit/4.11/junit-4.11.jar:/home/soumalya/.m2/repository/org/hamcrest/hamcrest-core/1.3/hamcrest-core-1.3.jar:/home/soumalya/.m2/repository/org/springframework/spring-core/5.3.18/spring-core-5.3.18.jar:/home/soumalya/.m2/repository/org/springframework/spring-jcl/5.3.18/spring-jcl-5.3.18.jar:/home/soumalya/.m2/repository/org/springframework/spring-context/5.3.18/spring-context-5.3.18.jar:/home/soumalya/.m2/repository/org/springframework/spring-aop/5.3.18/spring-aop-5.3.18.jar:/home/soumalya/.m2/repository/org/springframework/spring-beans/5.3.18/spring-beans-5.3.18.jar:/home/soumalya/.m2/repository/org/springframework/spring-expression/5.3.18/spring-expression-5.3.18.jar:"/>
    <property name="sun.cpu.endian" value="little"/>
    <property name="user.home" value="/home/soumalya"/>
    <property name="user.language" value="en"/>
    <property name="java.specification.vendor" value="Oracle Corporation"/>
    <property name="java.version.date" value="2021-10-19"/>
    <property name="java.home" value="/usr/lib/jvm/java-17-oracle"/>
    <property name="file.separator" value="/"/>
    <property name="basedir" value="/home/soumalya/Projects/CTS/Spring/Spring101"/>
    <property name="java.vm.compressedOopsMode" value="32-bit"/>
    <property name="line.separator" value="&#10;"/>
    <property name="java.vm.specification.vendor" value="Oracle Corporation"/>
    <property name="java.specification.name" value="Java Platform API Specification"/>
    <property name="surefire.real.class.path" value="/home/soumalya/Projects/CTS/Spring/Spring101/target/surefire/surefirebooter3473943827917805366.jar"/>
    <property name="sun.management.compiler" value="HotSpot 64-Bit Tiered Compilers"/>
    <property name="java.runtime.version" value="17.0.1+12-LTS-39"/>
    <property name="user.name" value="soumalya"/>
    <property name="path.separator" value=":"/>
    <property name="os.version" value="5.4.0-107-generic"/>
    <property name="java.runtime.name" value="Java(TM) SE Runtime Environment"/>
    <property name="file.encoding" value="UTF-8"/>
    <property name="java.vm.name" value="Java HotSpot(TM) 64-Bit Server VM"/>
    <property name="localRepository" value="/home/soumalya/.m2/repository"/>
    <property name="java.vendor.url.bug" value="https://bugreport.java.com/bugreport/"/>
    <property name="java.io.tmpdir" value="/tmp"/>
    <property name="java.version" value="17.0.1"/>
    <property name="user.dir" value="/home/soumalya/Projects/CTS/Spring/Spring101"/>
    <property name="os.arch" value="amd64"/>
    <property name="java.vm.specification.name" value="Java Virtual Machine Specification"/>
    <property name="native.encoding" value="UTF-8"/>
    <property name="java.library.path" value="/usr/java/packages/lib:/usr/lib64:/lib64:/lib:/usr/lib"/>
    <property name="java.vm.info" value="mixed mode, sharing"/>
    <property name="java.vendor" value="Oracle Corporation"/>
    <property name="java.vm.version" value="17.0.1+12-LTS-39"/>
    <property name="sun.io.unicode.encoding" value="UnicodeLittle"/>
    <property name="java.class.version" value="61.0"/>
  </properties>
  <testcase name="Instantiate" classname="com.autum_project.EmployeeTest" time="1.284">
    <error message="IOException parsing XML document from class path resource [config.xml]; nested exception is java.io.FileNotFoundException: class path resource [config.xml] cannot be opened because it does not exist" type="org.springframework.beans.factory.BeanDefinitionStoreException">org.springframework.beans.factory.BeanDefinitionStoreException: IOException parsing XML document from class path resource [config.xml]; nested exception is java.io.FileNotFoundException: class path resource [config.xml] cannot be opened because it does not exist
	at com.autum_project.EmployeeTest.Instantiate(EmployeeTest.java:12)
Caused by: java.io.FileNotFoundException: class path resource [config.xml] cannot be opened because it does not exist
	at com.autum_project.EmployeeTest.Instantiate(EmployeeTest.java:12)
</error>
  </testcase>
</testsuite>